<?xml version="1.0" encoding="UTF-8"?>
<!-- Generated by org.testng.reporters.JUnitReportReporter -->
<testsuite hostname="DESKTOP-3BPQ3RI" failures="0" tests="1" name="runner.MyRunner" time="0.073" errors="0" timestamp="2024-05-04T19:26:37 EDT" skipped="0">
  <testcase classname="runner.MyRunner" name="runScenario" time="0.073"/>
  <system-out/>
</testsuite> <!-- runner.MyRunner -->
